(c) Copyright IBM Corporation 1993,2007
Command Line Processor for DB2 Client 11.5.4.0

You can issue database manager commands and SQL statements from the command
prompt. For example:
    db2 => connect to sample
    db2 => bind sample.bnd

For general help, type: ?.
For command help, type: ? command, where command can be
the first few keywords of a database manager command. For example:
 ? CATALOG DATABASE for help on the CATALOG DATABASE command
 ? CATALOG          for help on all of the CATALOG commands.

To exit db2 interactive mode, type QUIT at the command prompt. Outside
interactive mode, all commands must be prefixed with 'db2'.
To list the current command option settings, type LIST COMMAND OPTIONS.

For more detailed help, refer to the Online Reference Manual.

db2 => db2 => db2 => db2 => db2 => CONNECT TO cs421

   Database Connection Information

 Database server        = DB2/LINUXX8664 11.5.4.0
 SQL authorization ID   = SSANIA
 Local database alias   = CS421


db2 => db2 => db2 => db2 => db2 => db2 => db2 => db2 => db2 => db2 => db2 => db2 => db2 (cont.) => db2 (cont.) => db2 (cont.) => db2 (cont.) => db2 (cont.) => CREATE TABLE Category ( cname VARCHAR(30) NOT NULL ,prioritynum INT ,PRIMARY KEY(cname) )
DB20000I  The SQL command completed successfully.

db2 => db2 => db2 (cont.) => db2 (cont.) => db2 (cont.) => db2 (cont.) => db2 (cont.) => db2 (cont.) => db2 (cont.) => db2 (cont.) => db2 (cont.) => db2 (cont.) => db2 (cont.) => db2 (cont.) => db2 (cont.) => db2 (cont.) => db2 (cont.) => CREATE TABLE Person ( hinsurnum BIGINT NOT NULL ,name VARCHAR(50) ,gender VARCHAR(20) ,dob DATE ,regisdate DATE ,phone BIGINT ,city VARCHAR(30) ,streetadd VARCHAR(50) ,postalcode VARCHAR(30) ,cname VARCHAR(30) NOT NULL ,PRIMARY KEY(hinsurnum) ,FOREIGN KEY (cname) REFERENCES Category )
DB20000I  The SQL command completed successfully.

db2 => db2 => db2 => db2 => db2 (cont.) => db2 (cont.) => db2 (cont.) => db2 (cont.) => db2 (cont.) => db2 (cont.) => CREATE TABLE Vaccine ( vname VARCHAR(30) NOT NULL, numofdoses INT, waitprd    INT, PRIMARY KEY (vname) )
DB20000I  The SQL command completed successfully.

db2 => db2 => db2 (cont.) => db2 (cont.) => db2 (cont.) => db2 (cont.) => db2 (cont.) => db2 (cont.) => db2 (cont.) => CREATE TABLE VaccLocations ( lname       VARCHAR(30) NOT NULL, lcity       VARCHAR(30), lstreetadd  VARCHAR(50), lpostalcode VARCHAR(30), PRIMARY KEY (lname) )
DB20000I  The SQL command completed successfully.

db2 => db2 => db2 (cont.) => db2 (cont.) => db2 (cont.) => db2 (cont.) => db2 (cont.) => db2 (cont.) => CREATE TABLE Hospital ( lname  VARCHAR(30) NOT NULL, PRIMARY KEY (lname), FOREIGN KEY (lname) REFERENCES VaccLocations )
DB20000I  The SQL command completed successfully.

db2 => db2 => db2 (cont.) => db2 (cont.) => db2 (cont.) => db2 (cont.) => db2 (cont.) => db2 (cont.) => db2 (cont.) => db2 (cont.) => CREATE TABLE Nurses ( licenseid BIGINT NOT NULL, nursname  VARCHAR(50), lname     VARCHAR(30) NOT NULL, PRIMARY KEY (licenseid), FOREIGN KEY (lname) REFERENCES Hospital )
DB20000I  The SQL command completed successfully.

db2 => db2 => db2 (cont.) => db2 (cont.) => db2 (cont.) => db2 (cont.) => db2 (cont.) => db2 (cont.) => db2 (cont.) => db2 (cont.) => db2 (cont.) => db2 (cont.) => db2 (cont.) => db2 (cont.) => db2 (cont.) => CREATE TABLE Batch ( batchnum BIGINT NOT NULL, vname VARCHAR(30) NOT NULL, doses INT, mfgdate  DATE, expdate  DATE, lname VARCHAR(30), PRIMARY KEY (batchnum,vname), FOREIGN KEY (vname) REFERENCES Vaccine(vname), FOREIGN KEY (lname) REFERENCES VaccLocations )
DB20000I  The SQL command completed successfully.

db2 => db2 => db2 (cont.) => db2 (cont.) => db2 (cont.) => db2 (cont.) => db2 (cont.) => db2 (cont.) => db2 (cont.) => db2 (cont.) => CREATE TABLE Vial ( vialnum BIGINT NOT NULL, batchnum BIGINT NOT NULL, vname VARCHAR(30) NOT NULL, PRIMARY KEY (vialnum, batchnum, vname), FOREIGN KEY (batchnum,vname) REFERENCES Batch(batchnum,vname) )
DB20000I  The SQL command completed successfully.

db2 => db2 => db2 (cont.) => db2 (cont.) => db2 (cont.) => db2 (cont.) => db2 (cont.) => db2 (cont.) => db2 (cont.) => CREATE TABLE VaccDates ( vdate DATE NOT NULL, lname VARCHAR(30) NOT NULL, PRIMARY KEY (vdate,lname), FOREIGN KEY (lname) REFERENCES VaccLocations )
DB20000I  The SQL command completed successfully.

db2 => db2 => db2 (cont.) => db2 (cont.) => db2 (cont.) => db2 (cont.) => db2 (cont.) => db2 (cont.) => db2 (cont.) => db2 (cont.) => db2 (cont.) => db2 (cont.) => CREATE TABLE Nursassign ( licenseid BIGINT NOT NULL, lname VARCHAR(30) NOT NULL, vdate DATE NOT NULL, PRIMARY KEY (licenseid, lname, vdate), FOREIGN KEY (vdate,lname) REFERENCES VaccDates(vdate, lname) , FOREIGN KEY (licenseid) REFERENCES Nurses(licenseid) )
DB20000I  The SQL command completed successfully.

db2 => db2 => db2 => db2 => db2 => db2 (cont.) => db2 (cont.) => db2 (cont.) => db2 (cont.) => db2 (cont.) => db2 (cont.) => db2 (cont.) => db2 (cont.) => db2 (cont.) => db2 (cont.) => db2 (cont.) => db2 (cont.) => db2 (cont.) => db2 (cont.) => db2 (cont.) => db2 (cont.) => db2 (cont.) => db2 (cont.) => db2 (cont.) => db2 (cont.) => db2 (cont.) => CREATE TABLE Slots ( vlsot INT NOT NULL, vtime TIME NOT NULL, vdate DATE NOT NULL NOT NULL, lname VARCHAR(30) NOT NULL, licenseid BIGINT, hinsurnum BIGINT, assigndate DATE, vname VARCHAR(30), batchnum BIGINT, vialnum BIGINT, PRIMARY KEY (vlsot, vtime, vdate, lname), FOREIGN KEY (hinsurnum) REFERENCES Person, FOREIGN KEY (vdate,lname) REFERENCES VaccDates(vdate, lname) , FOREIGN KEY (licenseid) REFERENCES Nurses, FOREIGN KEY (vialnum, batchnum, vname) REFERENCES Vial(vialnum, batchnum, vname) )
SQL0139W  A redundant clause appears in the specification for column "VDATE".
SQLSTATE=01589

db2 => db2 => db2 => db2 => db2 => db2 => db2 => db2 => db2 =>